c:\users\34638\desktop\tfg\repo\virtual-drummer\socket-plugin\build\socket_plugin.dir\debug\plug_controller.obj
c:\users\34638\desktop\tfg\repo\virtual-drummer\socket-plugin\build\socket_plugin.dir\debug\dllmain.obj
c:\users\34638\desktop\tfg\repo\virtual-drummer\socket-plugin\build\socket_plugin.dir\debug\plug_processor.obj
c:\users\34638\desktop\tfg\repo\virtual-drummer\socket-plugin\build\socket_plugin.dir\debug\plug_entry.obj
c:\users\34638\desktop\tfg\repo\virtual-drummer\socket-plugin\build\socket_plugin.dir\debug\vc143.pdb
c:\users\34638\desktop\tfg\repo\virtual-drummer\socket-plugin\build\vst3\debug\socket_plugin.vst3\contents\resources\plug_editor.uidesc
c:\users\34638\desktop\tfg\repo\virtual-drummer\socket-plugin\build\vst3\debug\socket_plugin.vst3\contents\resources\snapshots\e14c8b5ba50159b6af44b15f5e925d59_snapshot.png
c:\users\34638\desktop\tfg\repo\virtual-drummer\socket-plugin\build\vst3\debug\socket_plugin.vst3\contents\resources\snapshots\e14c8b5ba50159b6af44b15f5e925d59_snapshot_2.0x.png
c:\users\34638\desktop\tfg\repo\virtual-drummer\socket-plugin\build\cmakefiles\generate.stamp
c:\users\34638\desktop\tfg\repo\virtual-drummer\socket-plugin\build\socket_plugin.dir\debug\socket_plugin.ilk
c:\users\34638\desktop\tfg\repo\virtual-drummer\socket-plugin\build\vst3\debug\socket_plugin.vst3\contents\x86_64-win\socket_plugin.vst3
c:\users\34638\desktop\tfg\repo\virtual-drummer\socket-plugin\build\win_pdb64\debug\socket_plugin.pdb
c:\users\34638\desktop\tfg\repo\virtual-drummer\socket-plugin\build\lib\debug\socket_plugin.lib
c:\users\34638\desktop\tfg\repo\virtual-drummer\socket-plugin\build\lib\debug\socket_plugin.exp
c:\users\34638\desktop\tfg\repo\virtual-drummer\socket-plugin\build\socket_plugin.dir\debug\win32resource.res
c:\users\34638\desktop\tfg\repo\virtual-drummer\socket-plugin\build\socket_plugin.dir\debug\vc143.idb
c:\users\34638\desktop\tfg\repo\virtual-drummer\socket-plugin\build\socket_plugin.dir\debug\socket_plugin.tlog\cl.22196.write.1.tlog
c:\users\34638\desktop\tfg\repo\virtual-drummer\socket-plugin\build\socket_plugin.dir\debug\socket_plugin.tlog\cl.command.1.tlog
c:\users\34638\desktop\tfg\repo\virtual-drummer\socket-plugin\build\socket_plugin.dir\debug\socket_plugin.tlog\cl.items.tlog
c:\users\34638\desktop\tfg\repo\virtual-drummer\socket-plugin\build\socket_plugin.dir\debug\socket_plugin.tlog\cl.read.1.tlog
c:\users\34638\desktop\tfg\repo\virtual-drummer\socket-plugin\build\socket_plugin.dir\debug\socket_plugin.tlog\custombuild.command.1.tlog
c:\users\34638\desktop\tfg\repo\virtual-drummer\socket-plugin\build\socket_plugin.dir\debug\socket_plugin.tlog\custombuild.read.1.tlog
c:\users\34638\desktop\tfg\repo\virtual-drummer\socket-plugin\build\socket_plugin.dir\debug\socket_plugin.tlog\custombuild.write.1.tlog
c:\users\34638\desktop\tfg\repo\virtual-drummer\socket-plugin\build\socket_plugin.dir\debug\socket_plugin.tlog\link.command.1.tlog
c:\users\34638\desktop\tfg\repo\virtual-drummer\socket-plugin\build\socket_plugin.dir\debug\socket_plugin.tlog\link.read.1.tlog
c:\users\34638\desktop\tfg\repo\virtual-drummer\socket-plugin\build\socket_plugin.dir\debug\socket_plugin.tlog\link.write.1.tlog
c:\users\34638\desktop\tfg\repo\virtual-drummer\socket-plugin\build\socket_plugin.dir\debug\socket_plugin.tlog\link.write.2u.tlog
c:\users\34638\desktop\tfg\repo\virtual-drummer\socket-plugin\build\socket_plugin.dir\debug\socket_plugin.tlog\rc.command.1.tlog
c:\users\34638\desktop\tfg\repo\virtual-drummer\socket-plugin\build\socket_plugin.dir\debug\socket_plugin.tlog\rc.read.1.tlog
c:\users\34638\desktop\tfg\repo\virtual-drummer\socket-plugin\build\socket_plugin.dir\debug\socket_plugin.tlog\rc.write.1.tlog
