c:\users\34638\desktop\tfg\repo\virtual-drummer\socket-plugin\build\cmakefiles\generate.stamp
c:\users\34638\desktop\tfg\repo\virtual-drummer\socket-plugin\build\vst3sdk\cmakefiles\generate.stamp
c:\users\34638\desktop\tfg\repo\virtual-drummer\socket-plugin\build\vst3sdk\vstgui.build\cmakefiles\generate.stamp
c:\users\34638\desktop\tfg\repo\virtual-drummer\socket-plugin\build\vst3sdk\vstgui.build\vstgui\cmakefiles\generate.stamp
c:\users\34638\desktop\tfg\repo\virtual-drummer\socket-plugin\build\vst3sdk\vstgui.build\vstgui\lib\cmakefiles\generate.stamp
c:\users\34638\desktop\tfg\repo\virtual-drummer\socket-plugin\build\vst3sdk\vstgui.build\vstgui\uidescription\cmakefiles\generate.stamp
c:\users\34638\desktop\tfg\repo\virtual-drummer\socket-plugin\build\vst3sdk\vstgui.build\vstgui\standalone\cmakefiles\generate.stamp
c:\users\34638\desktop\tfg\repo\virtual-drummer\socket-plugin\build\vst3sdk\pluginterfaces\cmakefiles\generate.stamp
c:\users\34638\desktop\tfg\repo\virtual-drummer\socket-plugin\build\vst3sdk\base\cmakefiles\generate.stamp
c:\users\34638\desktop\tfg\repo\virtual-drummer\socket-plugin\build\vst3sdk\public.sdk\cmakefiles\generate.stamp
c:\users\34638\desktop\tfg\repo\virtual-drummer\socket-plugin\build\vst3sdk\public.sdk\source\vst\interappaudio\cmakefiles\generate.stamp
c:\users\34638\desktop\tfg\repo\virtual-drummer\socket-plugin\build\vst3sdk\public.sdk\samples\vst-hosting\cmakefiles\generate.stamp
c:\users\34638\desktop\tfg\repo\virtual-drummer\socket-plugin\build\vst3sdk\public.sdk\samples\vst-hosting\audiohost\cmakefiles\generate.stamp
c:\users\34638\desktop\tfg\repo\virtual-drummer\socket-plugin\build\vst3sdk\public.sdk\samples\vst-hosting\editorhost\cmakefiles\generate.stamp
c:\users\34638\desktop\tfg\repo\virtual-drummer\socket-plugin\build\vst3sdk\public.sdk\samples\vst-hosting\inspectorapp\cmakefiles\generate.stamp
c:\users\34638\desktop\tfg\repo\virtual-drummer\socket-plugin\build\vst3sdk\public.sdk\samples\vst-hosting\validator\cmakefiles\generate.stamp
c:\users\34638\desktop\tfg\repo\virtual-drummer\socket-plugin\build\vst3sdk\public.sdk\samples\vst-utilities\cmakefiles\generate.stamp
c:\users\34638\desktop\tfg\repo\virtual-drummer\socket-plugin\build\vst3sdk\public.sdk\samples\vst-utilities\moduleinfotool\cmakefiles\generate.stamp
c:\users\34638\desktop\tfg\repo\virtual-drummer\socket-plugin\build\x64\debug\zero_check\zero_check.tlog\custombuild.command.1.tlog
c:\users\34638\desktop\tfg\repo\virtual-drummer\socket-plugin\build\x64\debug\zero_check\zero_check.tlog\custombuild.read.1.tlog
c:\users\34638\desktop\tfg\repo\virtual-drummer\socket-plugin\build\x64\debug\zero_check\zero_check.tlog\custombuild.write.1.tlog
