c:\users\34638\desktop\tfg\repo\virtual-drummer\socket-plugin\build\vst3sdk\public.sdk\sdk.dir\debug\pluginfactory.obj
c:\users\34638\desktop\tfg\repo\virtual-drummer\socket-plugin\build\vst3sdk\public.sdk\sdk.dir\debug\vstinitiids.obj
c:\users\34638\desktop\tfg\repo\virtual-drummer\socket-plugin\build\vst3sdk\public.sdk\sdk.dir\debug\vstparameters.obj
c:\users\34638\desktop\tfg\repo\virtual-drummer\socket-plugin\build\vst3sdk\public.sdk\sdk.dir\debug\stringconvert.obj
c:\users\34638\desktop\tfg\repo\virtual-drummer\socket-plugin\build\vst3sdk\public.sdk\sdk.dir\debug\vst2persistence.obj
c:\users\34638\desktop\tfg\repo\virtual-drummer\socket-plugin\build\vst3sdk\public.sdk\sdk.dir\debug\pluginview.obj
c:\users\34638\desktop\tfg\repo\virtual-drummer\socket-plugin\build\vst3sdk\public.sdk\sdk.dir\debug\vsteditcontroller.obj
c:\users\34638\desktop\tfg\repo\virtual-drummer\socket-plugin\build\vst3sdk\public.sdk\sdk.dir\debug\vstcomponentbase.obj
c:\users\34638\desktop\tfg\repo\virtual-drummer\socket-plugin\build\vst3sdk\public.sdk\sdk.dir\debug\vstnoteexpressiontypes.obj
c:\users\34638\desktop\tfg\repo\virtual-drummer\socket-plugin\build\vst3sdk\public.sdk\sdk.dir\debug\vstcomponent.obj
c:\users\34638\desktop\tfg\repo\virtual-drummer\socket-plugin\build\vst3sdk\public.sdk\sdk.dir\debug\dataexchange.obj
c:\users\34638\desktop\tfg\repo\virtual-drummer\socket-plugin\build\vst3sdk\public.sdk\sdk.dir\debug\systemtime.obj
c:\users\34638\desktop\tfg\repo\virtual-drummer\socket-plugin\build\vst3sdk\public.sdk\sdk.dir\debug\testing.obj
c:\users\34638\desktop\tfg\repo\virtual-drummer\socket-plugin\build\vst3sdk\public.sdk\sdk.dir\debug\vstbus.obj
c:\users\34638\desktop\tfg\repo\virtual-drummer\socket-plugin\build\vst3sdk\public.sdk\sdk.dir\debug\vstrepresentation.obj
c:\users\34638\desktop\tfg\repo\virtual-drummer\socket-plugin\build\vst3sdk\public.sdk\sdk.dir\debug\vstaudioeffect.obj
c:\users\34638\desktop\tfg\repo\virtual-drummer\socket-plugin\build\vst3sdk\public.sdk\sdk.dir\debug\moduleinit.obj
c:\users\34638\desktop\tfg\repo\virtual-drummer\socket-plugin\build\lib\debug\sdk.pdb
c:\users\34638\desktop\tfg\repo\virtual-drummer\socket-plugin\build\vst3sdk\public.sdk\cmakefiles\generate.stamp
c:\users\34638\desktop\tfg\repo\virtual-drummer\socket-plugin\build\lib\debug\sdk.lib
c:\users\34638\desktop\tfg\repo\virtual-drummer\socket-plugin\build\vst3sdk\public.sdk\sdk.dir\debug\sdk.tlog\cl.13944.write.1.tlog
c:\users\34638\desktop\tfg\repo\virtual-drummer\socket-plugin\build\vst3sdk\public.sdk\sdk.dir\debug\sdk.tlog\cl.command.1.tlog
c:\users\34638\desktop\tfg\repo\virtual-drummer\socket-plugin\build\vst3sdk\public.sdk\sdk.dir\debug\sdk.tlog\cl.items.tlog
c:\users\34638\desktop\tfg\repo\virtual-drummer\socket-plugin\build\vst3sdk\public.sdk\sdk.dir\debug\sdk.tlog\cl.read.1.tlog
c:\users\34638\desktop\tfg\repo\virtual-drummer\socket-plugin\build\vst3sdk\public.sdk\sdk.dir\debug\sdk.tlog\custombuild.command.1.tlog
c:\users\34638\desktop\tfg\repo\virtual-drummer\socket-plugin\build\vst3sdk\public.sdk\sdk.dir\debug\sdk.tlog\custombuild.read.1.tlog
c:\users\34638\desktop\tfg\repo\virtual-drummer\socket-plugin\build\vst3sdk\public.sdk\sdk.dir\debug\sdk.tlog\custombuild.write.1.tlog
c:\users\34638\desktop\tfg\repo\virtual-drummer\socket-plugin\build\vst3sdk\public.sdk\sdk.dir\debug\sdk.tlog\lib-link.read.1.tlog
c:\users\34638\desktop\tfg\repo\virtual-drummer\socket-plugin\build\vst3sdk\public.sdk\sdk.dir\debug\sdk.tlog\lib-link.write.1.tlog
c:\users\34638\desktop\tfg\repo\virtual-drummer\socket-plugin\build\vst3sdk\public.sdk\sdk.dir\debug\sdk.tlog\lib.command.1.tlog
