c:\users\34638\desktop\tfg\repo\virtual-drummer\socket-plugin\build\vst3sdk\vstgui.build\vstgui\uidescription\vstgui_uidescription.dir\debug\uiviewswitchcontainer.obj
c:\users\34638\desktop\tfg\repo\virtual-drummer\socket-plugin\build\vst3sdk\vstgui.build\vstgui\uidescription\vstgui_uidescription.dir\debug\uiactions.obj
c:\users\34638\desktop\tfg\repo\virtual-drummer\socket-plugin\build\vst3sdk\vstgui.build\vstgui\uidescription\vstgui_uidescription.dir\debug\uifocussettingscontroller.obj
c:\users\34638\desktop\tfg\repo\virtual-drummer\socket-plugin\build\vst3sdk\vstgui.build\vstgui\uidescription\vstgui_uidescription.dir\debug\animknobcreator.obj
c:\users\34638\desktop\tfg\repo\virtual-drummer\socket-plugin\build\vst3sdk\vstgui.build\vstgui\uidescription\vstgui_uidescription.dir\debug\multilinetextlabelcreator.obj
c:\users\34638\desktop\tfg\repo\virtual-drummer\socket-plugin\build\vst3sdk\vstgui.build\vstgui\uidescription\vstgui_uidescription.dir\debug\stringlistcontrolcreator.obj
c:\users\34638\desktop\tfg\repo\virtual-drummer\socket-plugin\build\vst3sdk\vstgui.build\vstgui\uidescription\vstgui_uidescription.dir\debug\uinode.obj
c:\users\34638\desktop\tfg\repo\virtual-drummer\socket-plugin\build\vst3sdk\vstgui.build\vstgui\uidescription\vstgui_uidescription.dir\debug\uieditcontroller.obj
c:\users\34638\desktop\tfg\repo\virtual-drummer\socket-plugin\build\vst3sdk\vstgui.build\vstgui\uidescription\vstgui_uidescription.dir\debug\autoanimationcreator.obj
c:\users\34638\desktop\tfg\repo\virtual-drummer\socket-plugin\build\vst3sdk\vstgui.build\vstgui\uidescription\vstgui_uidescription.dir\debug\onoffbuttoncreator.obj
c:\users\34638\desktop\tfg\repo\virtual-drummer\socket-plugin\build\vst3sdk\vstgui.build\vstgui\uidescription\vstgui_uidescription.dir\debug\switchcreators.obj
c:\users\34638\desktop\tfg\repo\virtual-drummer\socket-plugin\build\vst3sdk\vstgui.build\vstgui\uidescription\vstgui_uidescription.dir\debug\uiviewfactory.obj
c:\users\34638\desktop\tfg\repo\virtual-drummer\socket-plugin\build\vst3sdk\vstgui.build\vstgui\uidescription\vstgui_uidescription.dir\debug\uixmlpersistence.obj
c:\users\34638\desktop\tfg\repo\virtual-drummer\socket-plugin\build\vst3sdk\vstgui.build\vstgui\uidescription\vstgui_uidescription.dir\debug\uifontscontroller.obj
c:\users\34638\desktop\tfg\repo\virtual-drummer\socket-plugin\build\vst3sdk\vstgui.build\vstgui\uidescription\vstgui_uidescription.dir\debug\checkboxcreator.obj
c:\users\34638\desktop\tfg\repo\virtual-drummer\socket-plugin\build\vst3sdk\vstgui.build\vstgui\uidescription\vstgui_uidescription.dir\debug\optionmenucreator.obj
c:\users\34638\desktop\tfg\repo\virtual-drummer\socket-plugin\build\vst3sdk\vstgui.build\vstgui\uidescription\vstgui_uidescription.dir\debug\textbuttoncreator.obj
c:\users\34638\desktop\tfg\repo\virtual-drummer\socket-plugin\build\vst3sdk\vstgui.build\vstgui\uidescription\vstgui_uidescription.dir\debug\uiattributes.obj
c:\users\34638\desktop\tfg\repo\virtual-drummer\socket-plugin\build\vst3sdk\vstgui.build\vstgui\uidescription\vstgui_uidescription.dir\debug\uicolorscontroller.obj
c:\users\34638\desktop\tfg\repo\virtual-drummer\socket-plugin\build\vst3sdk\vstgui.build\vstgui\uidescription\vstgui_uidescription.dir\debug\uitagscontroller.obj
c:\users\34638\desktop\tfg\repo\virtual-drummer\socket-plugin\build\vst3sdk\vstgui.build\vstgui\uidescription\vstgui_uidescription.dir\debug\moviebuttoncreator.obj
c:\users\34638\desktop\tfg\repo\virtual-drummer\socket-plugin\build\vst3sdk\vstgui.build\vstgui\uidescription\vstgui_uidescription.dir\debug\shadowviewcontainercreator.obj
c:\users\34638\desktop\tfg\repo\virtual-drummer\socket-plugin\build\vst3sdk\vstgui.build\vstgui\uidescription\vstgui_uidescription.dir\debug\vumetercreator.obj
c:\users\34638\desktop\tfg\repo\virtual-drummer\socket-plugin\build\vst3sdk\vstgui.build\vstgui\uidescription\vstgui_uidescription.dir\debug\uidescription.obj
c:\users\34638\desktop\tfg\repo\virtual-drummer\socket-plugin\build\vst3sdk\vstgui.build\vstgui\uidescription\vstgui_uidescription.dir\debug\uieditview.obj
c:\users\34638\desktop\tfg\repo\virtual-drummer\socket-plugin\build\vst3sdk\vstgui.build\vstgui\uidescription\vstgui_uidescription.dir\debug\animationsplashscreencreator.obj
c:\users\34638\desktop\tfg\repo\virtual-drummer\socket-plugin\build\vst3sdk\vstgui.build\vstgui\uidescription\vstgui_uidescription.dir\debug\multibitmapcontrolcreator.obj
c:\users\34638\desktop\tfg\repo\virtual-drummer\socket-plugin\build\vst3sdk\vstgui.build\vstgui\uidescription\vstgui_uidescription.dir\debug\splitviewcreator.obj
c:\users\34638\desktop\tfg\repo\virtual-drummer\socket-plugin\build\vst3sdk\vstgui.build\vstgui\uidescription\vstgui_uidescription.dir\debug\uidesclist.obj
c:\users\34638\desktop\tfg\repo\virtual-drummer\socket-plugin\build\vst3sdk\vstgui.build\vstgui\uidescription\vstgui_uidescription.dir\debug\uicolorchoosercontroller.obj
c:\users\34638\desktop\tfg\repo\virtual-drummer\socket-plugin\build\vst3sdk\vstgui.build\vstgui\uidescription\vstgui_uidescription.dir\debug\uigridcontroller.obj
c:\users\34638\desktop\tfg\repo\virtual-drummer\socket-plugin\build\vst3sdk\vstgui.build\vstgui\uidescription\vstgui_uidescription.dir\debug\controlcreator.obj
c:\users\34638\desktop\tfg\repo\virtual-drummer\socket-plugin\build\vst3sdk\vstgui.build\vstgui\uidescription\vstgui_uidescription.dir\debug\rockerswitchcreator.obj
c:\users\34638\desktop\tfg\repo\virtual-drummer\socket-plugin\build\vst3sdk\vstgui.build\vstgui\uidescription\vstgui_uidescription.dir\debug\textlabelcreator.obj
c:\users\34638\desktop\tfg\repo\virtual-drummer\socket-plugin\build\vst3sdk\vstgui.build\vstgui\uidescription\vstgui_uidescription.dir\debug\cstream.obj
c:\users\34638\desktop\tfg\repo\virtual-drummer\socket-plugin\build\vst3sdk\vstgui.build\vstgui\uidescription\vstgui_uidescription.dir\debug\uicolorslider.obj
c:\users\34638\desktop\tfg\repo\virtual-drummer\socket-plugin\build\vst3sdk\vstgui.build\vstgui\uidescription\vstgui_uidescription.dir\debug\uigradientscontroller.obj
c:\users\34638\desktop\tfg\repo\virtual-drummer\socket-plugin\build\vst3sdk\vstgui.build\vstgui\uidescription\vstgui_uidescription.dir\debug\gradientviewcreator.obj
c:\users\34638\desktop\tfg\repo\virtual-drummer\socket-plugin\build\vst3sdk\vstgui.build\vstgui\uidescription\vstgui_uidescription.dir\debug\rowcolumnviewcreator.obj
c:\users\34638\desktop\tfg\repo\virtual-drummer\socket-plugin\build\vst3sdk\vstgui.build\vstgui\uidescription\vstgui_uidescription.dir\debug\uiviewswitchcontainercreator.obj
c:\users\34638\desktop\tfg\repo\virtual-drummer\socket-plugin\build\vst3sdk\vstgui.build\vstgui\uidescription\vstgui_uidescription.dir\debug\uijsonpersistence.obj
c:\users\34638\desktop\tfg\repo\virtual-drummer\socket-plugin\build\vst3sdk\vstgui.build\vstgui\uidescription\vstgui_uidescription.dir\debug\uidialogcontroller.obj
c:\users\34638\desktop\tfg\repo\virtual-drummer\socket-plugin\build\vst3sdk\vstgui.build\vstgui\uidescription\vstgui_uidescription.dir\debug\uitemplatesettingscontroller.obj
c:\users\34638\desktop\tfg\repo\virtual-drummer\socket-plugin\build\vst3sdk\vstgui.build\vstgui\uidescription\vstgui_uidescription.dir\debug\layeredviewcontainercreator.obj
c:\users\34638\desktop\tfg\repo\virtual-drummer\socket-plugin\build\vst3sdk\vstgui.build\vstgui\uidescription\vstgui_uidescription.dir\debug\segmentbuttoncreator.obj
c:\users\34638\desktop\tfg\repo\virtual-drummer\socket-plugin\build\vst3sdk\vstgui.build\vstgui\uidescription\vstgui_uidescription.dir\debug\uiviewcreator.obj
c:\users\34638\desktop\tfg\repo\virtual-drummer\socket-plugin\build\vst3sdk\vstgui.build\vstgui\uidescription\vstgui_uidescription.dir\debug\uicrosslines.obj
c:\users\34638\desktop\tfg\repo\virtual-drummer\socket-plugin\build\vst3sdk\vstgui.build\vstgui\uidescription\vstgui_uidescription.dir\debug\uioverlayview.obj
c:\users\34638\desktop\tfg\repo\virtual-drummer\socket-plugin\build\vst3sdk\vstgui.build\vstgui\uidescription\vstgui_uidescription.dir\debug\uiundomanager.obj
c:\users\34638\desktop\tfg\repo\virtual-drummer\socket-plugin\build\vst3sdk\vstgui.build\vstgui\uidescription\vstgui_uidescription.dir\debug\knobcreator.obj
c:\users\34638\desktop\tfg\repo\virtual-drummer\socket-plugin\build\vst3sdk\vstgui.build\vstgui\uidescription\vstgui_uidescription.dir\debug\searchtexteditcreator.obj
c:\users\34638\desktop\tfg\repo\virtual-drummer\socket-plugin\build\vst3sdk\vstgui.build\vstgui\uidescription\vstgui_uidescription.dir\debug\viewcreator.obj
c:\users\34638\desktop\tfg\repo\virtual-drummer\socket-plugin\build\vst3sdk\vstgui.build\vstgui\uidescription\vstgui_uidescription.dir\debug\xmlparser.obj
c:\users\34638\desktop\tfg\repo\virtual-drummer\socket-plugin\build\vst3sdk\vstgui.build\vstgui\uidescription\vstgui_uidescription.dir\debug\uicolor.obj
c:\users\34638\desktop\tfg\repo\virtual-drummer\socket-plugin\build\vst3sdk\vstgui.build\vstgui\uidescription\vstgui_uidescription.dir\debug\uieditmenucontroller.obj
c:\users\34638\desktop\tfg\repo\virtual-drummer\socket-plugin\build\vst3sdk\vstgui.build\vstgui\uidescription\vstgui_uidescription.dir\debug\uiviewcreatecontroller.obj
c:\users\34638\desktop\tfg\repo\virtual-drummer\socket-plugin\build\vst3sdk\vstgui.build\vstgui\uidescription\vstgui_uidescription.dir\debug\paramdisplaycreator.obj
c:\users\34638\desktop\tfg\repo\virtual-drummer\socket-plugin\build\vst3sdk\vstgui.build\vstgui\uidescription\vstgui_uidescription.dir\debug\texteditcreator.obj
c:\users\34638\desktop\tfg\repo\virtual-drummer\socket-plugin\build\vst3sdk\vstgui.build\vstgui\uidescription\vstgui_uidescription.dir\debug\compresseduidescription.obj
c:\users\34638\desktop\tfg\repo\virtual-drummer\socket-plugin\build\vst3sdk\vstgui.build\vstgui\uidescription\vstgui_uidescription.dir\debug\uiattributescontroller.obj
c:\users\34638\desktop\tfg\repo\virtual-drummer\socket-plugin\build\vst3sdk\vstgui.build\vstgui\uidescription\vstgui_uidescription.dir\debug\uitemplatecontroller.obj
c:\users\34638\desktop\tfg\repo\virtual-drummer\socket-plugin\build\vst3sdk\vstgui.build\vstgui\uidescription\vstgui_uidescription.dir\debug\moviebitmapcreator.obj
c:\users\34638\desktop\tfg\repo\virtual-drummer\socket-plugin\build\vst3sdk\vstgui.build\vstgui\uidescription\vstgui_uidescription.dir\debug\sliderviewcreator.obj
c:\users\34638\desktop\tfg\repo\virtual-drummer\socket-plugin\build\vst3sdk\vstgui.build\vstgui\uidescription\vstgui_uidescription.dir\debug\xypadcreator.obj
c:\users\34638\desktop\tfg\repo\virtual-drummer\socket-plugin\build\vst3sdk\vstgui.build\vstgui\uidescription\vstgui_uidescription.dir\debug\uicontentprovider.obj
c:\users\34638\desktop\tfg\repo\virtual-drummer\socket-plugin\build\vst3sdk\vstgui.build\vstgui\uidescription\vstgui_uidescription.dir\debug\uibitmapscontroller.obj
c:\users\34638\desktop\tfg\repo\virtual-drummer\socket-plugin\build\vst3sdk\vstgui.build\vstgui\uidescription\vstgui_uidescription.dir\debug\uiselection.obj
c:\users\34638\desktop\tfg\repo\virtual-drummer\socket-plugin\build\vst3sdk\vstgui.build\vstgui\uidescription\vstgui_uidescription.dir\debug\kickbuttoncreator.obj
c:\users\34638\desktop\tfg\repo\virtual-drummer\socket-plugin\build\vst3sdk\vstgui.build\vstgui\uidescription\vstgui_uidescription.dir\debug\scrollviewcreator.obj
c:\users\34638\desktop\tfg\repo\virtual-drummer\socket-plugin\build\vst3sdk\vstgui.build\vstgui\uidescription\vstgui_uidescription.dir\debug\viewcontainercreator.obj
c:\users\34638\desktop\tfg\repo\virtual-drummer\socket-plugin\build\lib\debug\vstgui_uidescription.pdb
c:\users\34638\desktop\tfg\repo\virtual-drummer\socket-plugin\build\vst3sdk\vstgui.build\vstgui\uidescription\cmakefiles\generate.stamp
c:\users\34638\desktop\tfg\repo\virtual-drummer\socket-plugin\build\lib\debug\vstgui_uidescription.lib
c:\users\34638\desktop\tfg\repo\virtual-drummer\socket-plugin\build\vst3sdk\vstgui.build\vstgui\uidescription\vstgui_uidescription.dir\debug\vstgui_u.75a9d11a.tlog\cl.22892.write.1.tlog
c:\users\34638\desktop\tfg\repo\virtual-drummer\socket-plugin\build\vst3sdk\vstgui.build\vstgui\uidescription\vstgui_uidescription.dir\debug\vstgui_u.75a9d11a.tlog\cl.command.1.tlog
c:\users\34638\desktop\tfg\repo\virtual-drummer\socket-plugin\build\vst3sdk\vstgui.build\vstgui\uidescription\vstgui_uidescription.dir\debug\vstgui_u.75a9d11a.tlog\cl.items.tlog
c:\users\34638\desktop\tfg\repo\virtual-drummer\socket-plugin\build\vst3sdk\vstgui.build\vstgui\uidescription\vstgui_uidescription.dir\debug\vstgui_u.75a9d11a.tlog\cl.read.1.tlog
c:\users\34638\desktop\tfg\repo\virtual-drummer\socket-plugin\build\vst3sdk\vstgui.build\vstgui\uidescription\vstgui_uidescription.dir\debug\vstgui_u.75a9d11a.tlog\custombuild.command.1.tlog
c:\users\34638\desktop\tfg\repo\virtual-drummer\socket-plugin\build\vst3sdk\vstgui.build\vstgui\uidescription\vstgui_uidescription.dir\debug\vstgui_u.75a9d11a.tlog\custombuild.read.1.tlog
c:\users\34638\desktop\tfg\repo\virtual-drummer\socket-plugin\build\vst3sdk\vstgui.build\vstgui\uidescription\vstgui_uidescription.dir\debug\vstgui_u.75a9d11a.tlog\custombuild.write.1.tlog
c:\users\34638\desktop\tfg\repo\virtual-drummer\socket-plugin\build\vst3sdk\vstgui.build\vstgui\uidescription\vstgui_uidescription.dir\debug\vstgui_u.75a9d11a.tlog\lib-link.read.1.tlog
c:\users\34638\desktop\tfg\repo\virtual-drummer\socket-plugin\build\vst3sdk\vstgui.build\vstgui\uidescription\vstgui_uidescription.dir\debug\vstgui_u.75a9d11a.tlog\lib-link.write.1.tlog
c:\users\34638\desktop\tfg\repo\virtual-drummer\socket-plugin\build\vst3sdk\vstgui.build\vstgui\uidescription\vstgui_uidescription.dir\debug\vstgui_u.75a9d11a.tlog\lib.command.1.tlog
