  Building Custom Rule D:/Archivos de Programa 2/vst3 sdk steinberg/VST_SDK/vst3sdk/vstgui4/vstgui/uidescription/CMakeLists.txt
  compresseduidescription.cpp
  cstream.cpp
  uiattributes.cpp
  uicontentprovider.cpp
  uidescription.cpp
  uiviewcreator.cpp
  uiviewfactory.cpp
  uiviewswitchcontainer.cpp
  xmlparser.cpp
  uidesclist.cpp
  uijsonpersistence.cpp
  uinode.cpp
  uixmlpersistence.cpp
  uiactions.cpp
  uiattributescontroller.cpp
  uibitmapscontroller.cpp
  uicolor.cpp
  uicolorchoosercontroller.cpp
  uicolorscontroller.cpp
  uicolorslider.cpp
  uicrosslines.cpp
  uidialogcontroller.cpp
  uieditcontroller.cpp
  uieditmenucontroller.cpp
  uieditview.cpp
  uifocussettingscontroller.cpp
  uifontscontroller.cpp
  uigradientscontroller.cpp
  uigridcontroller.cpp
  uioverlayview.cpp
  uiselection.cpp
  uitagscontroller.cpp
  uitemplatecontroller.cpp
  uitemplatesettingscontroller.cpp
  uiundomanager.cpp
  uiviewcreatecontroller.cpp
  animationsplashscreencreator.cpp
  animknobcreator.cpp
  autoanimationcreator.cpp
  checkboxcreator.cpp
  controlcreator.cpp
  gradientviewcreator.cpp
  kickbuttoncreator.cpp
  knobcreator.cpp
  layeredviewcontainercreator.cpp
  moviebitmapcreator.cpp
  moviebuttoncreator.cpp
  multibitmapcontrolcreator.cpp
  multilinetextlabelcreator.cpp
  onoffbuttoncreator.cpp
  optionmenucreator.cpp
  paramdisplaycreator.cpp
  rockerswitchcreator.cpp
  rowcolumnviewcreator.cpp
  scrollviewcreator.cpp
  searchtexteditcreator.cpp
  segmentbuttoncreator.cpp
  shadowviewcontainercreator.cpp
  sliderviewcreator.cpp
  splitviewcreator.cpp
  stringlistcontrolcreator.cpp
  switchcreators.cpp
  textbuttoncreator.cpp
  texteditcreator.cpp
  textlabelcreator.cpp
  uiviewswitchcontainercreator.cpp
  viewcontainercreator.cpp
  viewcreator.cpp
  vumetercreator.cpp
  xypadcreator.cpp
  vstgui_uidescription.vcxproj -> C:\Users\34638\Desktop\TFG\repo\Virtual-Drummer\socket-plugin\build\lib\Debug\vstgui_uidescription.lib
