c:\users\34638\desktop\tfg\repo\virtual-drummer\socket-plugin\build\vst3sdk\vstgui.build\vstgui\standalone\vstgui_standalone.dir\debug\win32preference.obj
c:\users\34638\desktop\tfg\repo\virtual-drummer\socket-plugin\build\vst3sdk\vstgui.build\vstgui\standalone\vstgui_standalone.dir\debug\win32async.obj
c:\users\34638\desktop\tfg\repo\virtual-drummer\socket-plugin\build\vst3sdk\vstgui.build\vstgui\standalone\vstgui_standalone.dir\debug\win32application.obj
c:\users\34638\desktop\tfg\repo\virtual-drummer\socket-plugin\build\vst3sdk\vstgui.build\vstgui\standalone\vstgui_standalone.dir\debug\uidescriptionwindowcontroller.obj
c:\users\34638\desktop\tfg\repo\virtual-drummer\socket-plugin\build\vst3sdk\vstgui.build\vstgui\standalone\vstgui_standalone.dir\debug\window.obj
c:\users\34638\desktop\tfg\repo\virtual-drummer\socket-plugin\build\vst3sdk\vstgui.build\vstgui\standalone\vstgui_standalone.dir\debug\genericalertbox.obj
c:\users\34638\desktop\tfg\repo\virtual-drummer\socket-plugin\build\vst3sdk\vstgui.build\vstgui\standalone\vstgui_standalone.dir\debug\win32commondirectories.obj
c:\users\34638\desktop\tfg\repo\virtual-drummer\socket-plugin\build\vst3sdk\vstgui.build\vstgui\standalone\vstgui_standalone.dir\debug\value.obj
c:\users\34638\desktop\tfg\repo\virtual-drummer\socket-plugin\build\vst3sdk\vstgui.build\vstgui\standalone\vstgui_standalone.dir\debug\win32window.obj
c:\users\34638\desktop\tfg\repo\virtual-drummer\socket-plugin\build\vst3sdk\vstgui.build\vstgui\standalone\vstgui_standalone.dir\debug\win32menu.obj
c:\users\34638\desktop\tfg\repo\virtual-drummer\socket-plugin\build\vst3sdk\vstgui.build\vstgui\standalone\vstgui_standalone.dir\debug\application.obj
c:\users\34638\desktop\tfg\repo\virtual-drummer\socket-plugin\build\vst3sdk\vstgui.build\vstgui\standalone\vstgui_standalone.dir\debug\shareduiresources.obj
c:\users\34638\desktop\tfg\repo\virtual-drummer\socket-plugin\build\lib\debug\vstgui_standalone.pdb
c:\users\34638\desktop\tfg\repo\virtual-drummer\socket-plugin\build\vst3sdk\vstgui.build\vstgui\standalone\cmakefiles\generate.stamp
c:\users\34638\desktop\tfg\repo\virtual-drummer\socket-plugin\build\lib\debug\vstgui_standalone.lib
c:\users\34638\desktop\tfg\repo\virtual-drummer\socket-plugin\build\vst3sdk\vstgui.build\vstgui\standalone\vstgui_standalone.dir\debug\vstgui_s.42319ff0.tlog\cl.10176.write.1.tlog
c:\users\34638\desktop\tfg\repo\virtual-drummer\socket-plugin\build\vst3sdk\vstgui.build\vstgui\standalone\vstgui_standalone.dir\debug\vstgui_s.42319ff0.tlog\cl.command.1.tlog
c:\users\34638\desktop\tfg\repo\virtual-drummer\socket-plugin\build\vst3sdk\vstgui.build\vstgui\standalone\vstgui_standalone.dir\debug\vstgui_s.42319ff0.tlog\cl.items.tlog
c:\users\34638\desktop\tfg\repo\virtual-drummer\socket-plugin\build\vst3sdk\vstgui.build\vstgui\standalone\vstgui_standalone.dir\debug\vstgui_s.42319ff0.tlog\cl.read.1.tlog
c:\users\34638\desktop\tfg\repo\virtual-drummer\socket-plugin\build\vst3sdk\vstgui.build\vstgui\standalone\vstgui_standalone.dir\debug\vstgui_s.42319ff0.tlog\custombuild.command.1.tlog
c:\users\34638\desktop\tfg\repo\virtual-drummer\socket-plugin\build\vst3sdk\vstgui.build\vstgui\standalone\vstgui_standalone.dir\debug\vstgui_s.42319ff0.tlog\custombuild.read.1.tlog
c:\users\34638\desktop\tfg\repo\virtual-drummer\socket-plugin\build\vst3sdk\vstgui.build\vstgui\standalone\vstgui_standalone.dir\debug\vstgui_s.42319ff0.tlog\custombuild.write.1.tlog
c:\users\34638\desktop\tfg\repo\virtual-drummer\socket-plugin\build\vst3sdk\vstgui.build\vstgui\standalone\vstgui_standalone.dir\debug\vstgui_s.42319ff0.tlog\lib-link.read.1.tlog
c:\users\34638\desktop\tfg\repo\virtual-drummer\socket-plugin\build\vst3sdk\vstgui.build\vstgui\standalone\vstgui_standalone.dir\debug\vstgui_s.42319ff0.tlog\lib-link.write.1.tlog
c:\users\34638\desktop\tfg\repo\virtual-drummer\socket-plugin\build\vst3sdk\vstgui.build\vstgui\standalone\vstgui_standalone.dir\debug\vstgui_s.42319ff0.tlog\lib.command.1.tlog
