c:\users\34638\desktop\tfg\repo\virtual-drummer\socket-plugin\build\vst3sdk\vstgui.build\vstgui\lib\vstgui.dir\debug\timingfunctions.obj
c:\users\34638\desktop\tfg\repo\virtual-drummer\socket-plugin\build\vst3sdk\vstgui.build\vstgui\lib\vstgui.dir\debug\cgradient.obj
c:\users\34638\desktop\tfg\repo\virtual-drummer\socket-plugin\build\vst3sdk\vstgui.build\vstgui\lib\vstgui.dir\debug\cfontchooser.obj
c:\users\34638\desktop\tfg\repo\virtual-drummer\socket-plugin\build\vst3sdk\vstgui.build\vstgui\lib\vstgui.dir\debug\ctextlabel.obj
c:\users\34638\desktop\tfg\repo\virtual-drummer\socket-plugin\build\vst3sdk\vstgui.build\vstgui\lib\vstgui.dir\debug\events.obj
c:\users\34638\desktop\tfg\repo\virtual-drummer\socket-plugin\build\vst3sdk\vstgui.build\vstgui\lib\vstgui.dir\debug\d2dfont.obj
c:\users\34638\desktop\tfg\repo\virtual-drummer\socket-plugin\build\vst3sdk\vstgui.build\vstgui\lib\vstgui.dir\debug\win32textedit.obj
c:\users\34638\desktop\tfg\repo\virtual-drummer\socket-plugin\build\vst3sdk\vstgui.build\vstgui\lib\vstgui.dir\debug\ccolor.obj
c:\users\34638\desktop\tfg\repo\virtual-drummer\socket-plugin\build\vst3sdk\vstgui.build\vstgui\lib\vstgui.dir\debug\ccolorchooser.obj
c:\users\34638\desktop\tfg\repo\virtual-drummer\socket-plugin\build\vst3sdk\vstgui.build\vstgui\lib\vstgui.dir\debug\csearchtextedit.obj
c:\users\34638\desktop\tfg\repo\virtual-drummer\socket-plugin\build\vst3sdk\vstgui.build\vstgui\lib\vstgui.dir\debug\copenglview.obj
c:\users\34638\desktop\tfg\repo\virtual-drummer\socket-plugin\build\vst3sdk\vstgui.build\vstgui\lib\vstgui.dir\debug\genericstringlistdatabrowsersource.obj
c:\users\34638\desktop\tfg\repo\virtual-drummer\socket-plugin\build\vst3sdk\vstgui.build\vstgui\lib\vstgui.dir\debug\d2dgraphicspath.obj
c:\users\34638\desktop\tfg\repo\virtual-drummer\socket-plugin\build\vst3sdk\vstgui.build\vstgui\lib\vstgui.dir\debug\win32viewlayer.obj
c:\users\34638\desktop\tfg\repo\virtual-drummer\socket-plugin\build\vst3sdk\vstgui.build\vstgui\lib\vstgui.dir\debug\animations.obj
c:\users\34638\desktop\tfg\repo\virtual-drummer\socket-plugin\build\vst3sdk\vstgui.build\vstgui\lib\vstgui.dir\debug\cfont.obj
c:\users\34638\desktop\tfg\repo\virtual-drummer\socket-plugin\build\vst3sdk\vstgui.build\vstgui\lib\vstgui.dir\debug\ccontrol.obj
c:\users\34638\desktop\tfg\repo\virtual-drummer\socket-plugin\build\vst3sdk\vstgui.build\vstgui\lib\vstgui.dir\debug\cspecialdigit.obj
c:\users\34638\desktop\tfg\repo\virtual-drummer\socket-plugin\build\vst3sdk\vstgui.build\vstgui\lib\vstgui.dir\debug\cscrollview.obj
c:\users\34638\desktop\tfg\repo\virtual-drummer\socket-plugin\build\vst3sdk\vstgui.build\vstgui\lib\vstgui.dir\debug\platformfactory.obj
c:\users\34638\desktop\tfg\repo\virtual-drummer\socket-plugin\build\vst3sdk\vstgui.build\vstgui\lib\vstgui.dir\debug\win32datapackage.obj
c:\users\34638\desktop\tfg\repo\virtual-drummer\socket-plugin\build\vst3sdk\vstgui.build\vstgui\lib\vstgui.dir\debug\winfileselector.obj
c:\users\34638\desktop\tfg\repo\virtual-drummer\socket-plugin\build\vst3sdk\vstgui.build\vstgui\lib\vstgui.dir\debug\cdatabrowser.obj
c:\users\34638\desktop\tfg\repo\virtual-drummer\socket-plugin\build\vst3sdk\vstgui.build\vstgui\lib\vstgui.dir\debug\clinestyle.obj
c:\users\34638\desktop\tfg\repo\virtual-drummer\socket-plugin\build\vst3sdk\vstgui.build\vstgui\lib\vstgui.dir\debug\clistcontrol.obj
c:\users\34638\desktop\tfg\repo\virtual-drummer\socket-plugin\build\vst3sdk\vstgui.build\vstgui\lib\vstgui.dir\debug\cstringlist.obj
c:\users\34638\desktop\tfg\repo\virtual-drummer\socket-plugin\build\vst3sdk\vstgui.build\vstgui\lib\vstgui.dir\debug\csplitview.obj
c:\users\34638\desktop\tfg\repo\virtual-drummer\socket-plugin\build\vst3sdk\vstgui.build\vstgui\lib\vstgui.dir\debug\fileresourceinputstream.obj
c:\users\34638\desktop\tfg\repo\virtual-drummer\socket-plugin\build\vst3sdk\vstgui.build\vstgui\lib\vstgui.dir\debug\win32directcomposition.obj
c:\users\34638\desktop\tfg\repo\virtual-drummer\socket-plugin\build\vst3sdk\vstgui.build\vstgui\lib\vstgui.dir\debug\wintimer.obj
c:\users\34638\desktop\tfg\repo\virtual-drummer\socket-plugin\build\vst3sdk\vstgui.build\vstgui\lib\vstgui.dir\debug\cclipboard.obj
c:\users\34638\desktop\tfg\repo\virtual-drummer\socket-plugin\build\vst3sdk\vstgui.build\vstgui\lib\vstgui.dir\debug\cgraphicspath.obj
c:\users\34638\desktop\tfg\repo\virtual-drummer\socket-plugin\build\vst3sdk\vstgui.build\vstgui\lib\vstgui.dir\debug\cmoviebutton.obj
c:\users\34638\desktop\tfg\repo\virtual-drummer\socket-plugin\build\vst3sdk\vstgui.build\vstgui\lib\vstgui.dir\debug\cswitch.obj
c:\users\34638\desktop\tfg\repo\virtual-drummer\socket-plugin\build\vst3sdk\vstgui.build\vstgui\lib\vstgui.dir\debug\cstring.obj
c:\users\34638\desktop\tfg\repo\virtual-drummer\socket-plugin\build\vst3sdk\vstgui.build\vstgui\lib\vstgui.dir\debug\d2dbitmap.obj
c:\users\34638\desktop\tfg\repo\virtual-drummer\socket-plugin\build\vst3sdk\vstgui.build\vstgui\lib\vstgui.dir\debug\win32optionmenu.obj
c:\users\34638\desktop\tfg\repo\virtual-drummer\socket-plugin\build\vst3sdk\vstgui.build\vstgui\lib\vstgui.dir\debug\cdrawmethods.obj
c:\users\34638\desktop\tfg\repo\virtual-drummer\socket-plugin\build\vst3sdk\vstgui.build\vstgui\lib\vstgui.dir\debug\clayeredviewcontainer.obj
c:\users\34638\desktop\tfg\repo\virtual-drummer\socket-plugin\build\vst3sdk\vstgui.build\vstgui\lib\vstgui.dir\debug\coptionmenu.obj
c:\users\34638\desktop\tfg\repo\virtual-drummer\socket-plugin\build\vst3sdk\vstgui.build\vstgui\lib\vstgui.dir\debug\cxypad.obj
c:\users\34638\desktop\tfg\repo\virtual-drummer\socket-plugin\build\vst3sdk\vstgui.build\vstgui\lib\vstgui.dir\debug\cvstguitimer.obj
c:\users\34638\desktop\tfg\repo\virtual-drummer\socket-plugin\build\vst3sdk\vstgui.build\vstgui\lib\vstgui.dir\debug\d2dbitmapcache.obj
c:\users\34638\desktop\tfg\repo\virtual-drummer\socket-plugin\build\vst3sdk\vstgui.build\vstgui\lib\vstgui.dir\debug\win32support.obj
c:\users\34638\desktop\tfg\repo\virtual-drummer\socket-plugin\build\vst3sdk\vstgui.build\vstgui\lib\vstgui.dir\debug\cbitmapfilter.obj
c:\users\34638\desktop\tfg\repo\virtual-drummer\socket-plugin\build\vst3sdk\vstgui.build\vstgui\lib\vstgui.dir\debug\cbuttons.obj
c:\users\34638\desktop\tfg\repo\virtual-drummer\socket-plugin\build\vst3sdk\vstgui.build\vstgui\lib\vstgui.dir\debug\cslider.obj
c:\users\34638\desktop\tfg\repo\virtual-drummer\socket-plugin\build\vst3sdk\vstgui.build\vstgui\lib\vstgui.dir\debug\crect.obj
c:\users\34638\desktop\tfg\repo\virtual-drummer\socket-plugin\build\vst3sdk\vstgui.build\vstgui\lib\vstgui.dir\debug\ctooltipsupport.obj
c:\users\34638\desktop\tfg\repo\virtual-drummer\socket-plugin\build\vst3sdk\vstgui.build\vstgui\lib\vstgui.dir\debug\vstguiinit.obj
c:\users\34638\desktop\tfg\repo\virtual-drummer\socket-plugin\build\vst3sdk\vstgui.build\vstgui\lib\vstgui.dir\debug\win32dragging.obj
c:\users\34638\desktop\tfg\repo\virtual-drummer\socket-plugin\build\vst3sdk\vstgui.build\vstgui\lib\vstgui.dir\debug\cexternalview.obj
c:\users\34638\desktop\tfg\repo\virtual-drummer\socket-plugin\build\vst3sdk\vstgui.build\vstgui\lib\vstgui.dir\debug\cautoanimation.obj
c:\users\34638\desktop\tfg\repo\virtual-drummer\socket-plugin\build\vst3sdk\vstgui.build\vstgui\lib\vstgui.dir\debug\csegmentbutton.obj
c:\users\34638\desktop\tfg\repo\virtual-drummer\socket-plugin\build\vst3sdk\vstgui.build\vstgui\lib\vstgui.dir\debug\crowcolumnview.obj
c:\users\34638\desktop\tfg\repo\virtual-drummer\socket-plugin\build\vst3sdk\vstgui.build\vstgui\lib\vstgui.dir\debug\pixelbuffer.obj
c:\users\34638\desktop\tfg\repo\virtual-drummer\socket-plugin\build\vst3sdk\vstgui.build\vstgui\lib\vstgui.dir\debug\generictextedit.obj
c:\users\34638\desktop\tfg\repo\virtual-drummer\socket-plugin\build\vst3sdk\vstgui.build\vstgui\lib\vstgui.dir\debug\win32openglview.obj
c:\users\34638\desktop\tfg\repo\virtual-drummer\socket-plugin\build\vst3sdk\vstgui.build\vstgui\lib\vstgui.dir\debug\animator.obj
c:\users\34638\desktop\tfg\repo\virtual-drummer\socket-plugin\build\vst3sdk\vstgui.build\vstgui\lib\vstgui.dir\debug\cgradientview.obj
c:\users\34638\desktop\tfg\repo\virtual-drummer\socket-plugin\build\vst3sdk\vstgui.build\vstgui\lib\vstgui.dir\debug\cmoviebitmap.obj
c:\users\34638\desktop\tfg\repo\virtual-drummer\socket-plugin\build\vst3sdk\vstgui.build\vstgui\lib\vstgui.dir\debug\csplashscreen.obj
c:\users\34638\desktop\tfg\repo\virtual-drummer\socket-plugin\build\vst3sdk\vstgui.build\vstgui\lib\vstgui.dir\debug\cshadowviewcontainer.obj
c:\users\34638\desktop\tfg\repo\virtual-drummer\socket-plugin\build\vst3sdk\vstgui.build\vstgui\lib\vstgui.dir\debug\genericoptionmenu.obj
c:\users\34638\desktop\tfg\repo\virtual-drummer\socket-plugin\build\vst3sdk\vstgui.build\vstgui\lib\vstgui.dir\debug\win32factory.obj
c:\users\34638\desktop\tfg\repo\virtual-drummer\socket-plugin\build\vst3sdk\vstgui.build\vstgui\lib\vstgui.dir\debug\cbitmap.obj
c:\users\34638\desktop\tfg\repo\virtual-drummer\socket-plugin\build\vst3sdk\vstgui.build\vstgui\lib\vstgui.dir\debug\cframe.obj
c:\users\34638\desktop\tfg\repo\virtual-drummer\socket-plugin\build\vst3sdk\vstgui.build\vstgui\lib\vstgui.dir\debug\cparamdisplay.obj
c:\users\34638\desktop\tfg\repo\virtual-drummer\socket-plugin\build\vst3sdk\vstgui.build\vstgui\lib\vstgui.dir\debug\cvumeter.obj
c:\users\34638\desktop\tfg\repo\virtual-drummer\socket-plugin\build\vst3sdk\vstgui.build\vstgui\lib\vstgui.dir\debug\cviewcontainer.obj
c:\users\34638\desktop\tfg\repo\virtual-drummer\socket-plugin\build\vst3sdk\vstgui.build\vstgui\lib\vstgui.dir\debug\d2dgraphicscontext.obj
c:\users\34638\desktop\tfg\repo\virtual-drummer\socket-plugin\build\vst3sdk\vstgui.build\vstgui\lib\vstgui.dir\debug\winstring.obj
c:\users\34638\desktop\tfg\repo\virtual-drummer\socket-plugin\build\vst3sdk\vstgui.build\vstgui\lib\vstgui.dir\debug\cdropsource.obj
c:\users\34638\desktop\tfg\repo\virtual-drummer\socket-plugin\build\vst3sdk\vstgui.build\vstgui\lib\vstgui.dir\debug\cfileselector.obj
c:\users\34638\desktop\tfg\repo\virtual-drummer\socket-plugin\build\vst3sdk\vstgui.build\vstgui\lib\vstgui.dir\debug\cknob.obj
c:\users\34638\desktop\tfg\repo\virtual-drummer\socket-plugin\build\vst3sdk\vstgui.build\vstgui\lib\vstgui.dir\debug\ctextedit.obj
c:\users\34638\desktop\tfg\repo\virtual-drummer\socket-plugin\build\vst3sdk\vstgui.build\vstgui\lib\vstgui.dir\debug\cview.obj
c:\users\34638\desktop\tfg\repo\virtual-drummer\socket-plugin\build\vst3sdk\vstgui.build\vstgui\lib\vstgui.dir\debug\d2dgradient.obj
c:\users\34638\desktop\tfg\repo\virtual-drummer\socket-plugin\build\vst3sdk\vstgui.build\vstgui\lib\vstgui.dir\debug\win32resourcestream.obj
c:\users\34638\desktop\tfg\repo\virtual-drummer\socket-plugin\build\vst3sdk\vstgui.build\vstgui\lib\vstgui.dir\debug\cdrawcontext.obj
c:\users\34638\desktop\tfg\repo\virtual-drummer\socket-plugin\build\vst3sdk\vstgui.build\vstgui\lib\vstgui.dir\debug\coffscreencontext.obj
c:\users\34638\desktop\tfg\repo\virtual-drummer\socket-plugin\build\vst3sdk\vstgui.build\vstgui\lib\vstgui.dir\debug\cscrollbar.obj
c:\users\34638\desktop\tfg\repo\virtual-drummer\socket-plugin\build\vst3sdk\vstgui.build\vstgui\lib\vstgui.dir\debug\cpoint.obj
c:\users\34638\desktop\tfg\repo\virtual-drummer\socket-plugin\build\vst3sdk\vstgui.build\vstgui\lib\vstgui.dir\debug\ctabview.obj
c:\users\34638\desktop\tfg\repo\virtual-drummer\socket-plugin\build\vst3sdk\vstgui.build\vstgui\lib\vstgui.dir\debug\vstguidebug.obj
c:\users\34638\desktop\tfg\repo\virtual-drummer\socket-plugin\build\vst3sdk\vstgui.build\vstgui\lib\vstgui.dir\debug\win32frame.obj
c:\users\34638\desktop\tfg\repo\virtual-drummer\socket-plugin\build\lib\debug\vstgui.pdb
c:\users\34638\desktop\tfg\repo\virtual-drummer\socket-plugin\build\vst3sdk\vstgui.build\vstgui\lib\cmakefiles\generate.stamp
c:\users\34638\desktop\tfg\repo\virtual-drummer\socket-plugin\build\lib\debug\vstgui.lib
c:\users\34638\desktop\tfg\repo\virtual-drummer\socket-plugin\build\vst3sdk\vstgui.build\vstgui\lib\vstgui.dir\debug\vstgui.tlog\cl.12532.write.1.tlog
c:\users\34638\desktop\tfg\repo\virtual-drummer\socket-plugin\build\vst3sdk\vstgui.build\vstgui\lib\vstgui.dir\debug\vstgui.tlog\cl.command.1.tlog
c:\users\34638\desktop\tfg\repo\virtual-drummer\socket-plugin\build\vst3sdk\vstgui.build\vstgui\lib\vstgui.dir\debug\vstgui.tlog\cl.items.tlog
c:\users\34638\desktop\tfg\repo\virtual-drummer\socket-plugin\build\vst3sdk\vstgui.build\vstgui\lib\vstgui.dir\debug\vstgui.tlog\cl.read.1.tlog
c:\users\34638\desktop\tfg\repo\virtual-drummer\socket-plugin\build\vst3sdk\vstgui.build\vstgui\lib\vstgui.dir\debug\vstgui.tlog\custombuild.command.1.tlog
c:\users\34638\desktop\tfg\repo\virtual-drummer\socket-plugin\build\vst3sdk\vstgui.build\vstgui\lib\vstgui.dir\debug\vstgui.tlog\custombuild.read.1.tlog
c:\users\34638\desktop\tfg\repo\virtual-drummer\socket-plugin\build\vst3sdk\vstgui.build\vstgui\lib\vstgui.dir\debug\vstgui.tlog\custombuild.write.1.tlog
c:\users\34638\desktop\tfg\repo\virtual-drummer\socket-plugin\build\vst3sdk\vstgui.build\vstgui\lib\vstgui.dir\debug\vstgui.tlog\lib-link.read.1.tlog
c:\users\34638\desktop\tfg\repo\virtual-drummer\socket-plugin\build\vst3sdk\vstgui.build\vstgui\lib\vstgui.dir\debug\vstgui.tlog\lib-link.write.1.tlog
c:\users\34638\desktop\tfg\repo\virtual-drummer\socket-plugin\build\vst3sdk\vstgui.build\vstgui\lib\vstgui.dir\debug\vstgui.tlog\lib.command.1.tlog
